<?xml version="1.0" encoding="UTF-8"?>
<!-- Generated by org.testng.reporters.JUnitReportReporter -->
<testsuite hostname="DESKTOP-IT5LMES" failures="0" tests="2" name="employeeapi.testcases.GetEmployeeDetails" time="0.473" errors="1" timestamp="2022-09-16T11:14:38 IST" skipped="1">
  <testcase classname="employeeapi.testcases.GetEmployeeDetails" name="checkResponseBody" time="0.000">
    <skipped/>
  </testcase> <!-- checkResponseBody -->
  <system-out/>
  <testcase classname="employeeapi.testcases.GetEmployeeDetails" name="setup" time="0.473">
    <error type="java.lang.StackOverflowError">
      <![CDATA[java.lang.StackOverflowError
at java.base/java.util.stream.ReferencePipeline.<init>(ReferencePipeline.java:96)
at java.base/java.util.stream.ReferencePipeline$StatefulOp.<init>(ReferencePipeline.java:829)
at java.base/java.util.stream.SliceOps$1.<init>(SliceOps.java:111)
at java.base/java.util.stream.SliceOps.makeRef(SliceOps.java:111)
at java.base/java.util.stream.ReferencePipeline.skip(ReferencePipeline.java:579)
at org.apache.logging.log4j.util.StackLocator.lambda$getCallerClass$10(StackLocator.java:81)
at java.base/java.lang.StackStreamFactory$StackFrameTraverser.consumeFrames(StackStreamFactory.java:534)
at java.base/java.lang.StackStreamFactory$AbstractStackWalker.doStackWalk(StackStreamFactory.java:306)
at java.base/java.lang.StackStreamFactory$AbstractStackWalker.callStackWalk(Native Method)
at java.base/java.lang.StackStreamFactory$AbstractStackWalker.beginStackWalk(StackStreamFactory.java:370)
at java.base/java.lang.StackStreamFactory$AbstractStackWalker.walk(StackStreamFactory.java:243)
at java.base/java.lang.StackWalker.walk(StackWalker.java:499)
at org.apache.logging.log4j.util.StackLocator.getCallerClass(StackLocator.java:81)
at org.apache.logging.log4j.util.StackLocatorUtil.getCallerClassLoader(StackLocatorUtil.java:91)
at org.apache.log4j.LogManager.getRootLogger(LogManager.java:178)
at org.slf4j.impl.Log4jLoggerFactory.getLogger(Log4jLoggerFactory.java:71)
at org.slf4j.LoggerFactory.getLogger(LoggerFactory.java:209)
at org.apache.logging.slf4j.SLF4JLoggerContext.getLogger(SLF4JLoggerContext.java:36)
at org.apache.log4j.Category.<init>(Category.java:176)
at org.apache.log4j.Category.<init>(Category.java:192)
at org.apache.log4j.Logger.<init>(Logger.java:57)
at org.apache.log4j.spi.NOPLogger.<init>(NOPLogger.java:42)
at org.apache.log4j.spi.NOPLoggerRepository.getRootLogger(NOPLoggerRepository.java:104)
at org.apache.log4j.LogManager.getRootLogger(LogManager.java:183)
at org.apache.log4j.LogManager.getRootLogger(LogManager.java:178)
at org.slf4j.impl.Log4jLoggerFactory.getLogger(Log4jLoggerFactory.java:71)
at org.slf4j.LoggerFactory.getLogger(LoggerFactory.java:209)
at org.apache.logging.slf4j.SLF4JLoggerContext.getLogger(SLF4JLoggerContext.java:36)
at org.apache.log4j.Category.<init>(Category.java:176)
at org.apache.log4j.Category.<init>(Category.java:192)
at org.apache.log4j.Logger.<init>(Logger.java:57)
at org.apache.log4j.spi.NOPLogger.<init>(NOPLogger.java:42)
at org.apache.log4j.spi.NOPLoggerRepository.getRootLogger(NOPLoggerRepository.java:104)
at org.apache.log4j.LogManager.getRootLogger(LogManager.java:183)
at org.apache.log4j.LogManager.getRootLogger(LogManager.java:178)
at org.slf4j.impl.Log4jLoggerFactory.getLogger(Log4jLoggerFactory.java:71)
at org.slf4j.LoggerFactory.getLogger(LoggerFactory.java:209)
at org.apache.logging.slf4j.SLF4JLoggerContext.getLogger(SLF4JLoggerContext.java:36)
at org.apache.log4j.Category.<init>(Category.java:176)
at org.apache.log4j.Category.<init>(Category.java:192)
at org.apache.log4j.Logger.<init>(Logger.java:57)
at org.apache.log4j.spi.NOPLogger.<init>(NOPLogger.java:42)
at org.apache.log4j.spi.NOPLoggerRepository.getRootLogger(NOPLoggerRepository.java:104)
at org.apache.log4j.LogManager.getRootLogger(LogManager.java:183)
at org.apache.log4j.LogManager.getRootLogger(LogManager.java:178)
at org.slf4j.impl.Log4jLoggerFactory.getLogger(Log4jLoggerFactory.java:71)
at org.slf4j.LoggerFactory.getLogger(LoggerFactory.java:209)
at org.apache.logging.slf4j.SLF4JLoggerContext.getLogger(SLF4JLoggerContext.java:36)
at org.apache.log4j.Category.<init>(Category.java:176)
at org.apache.log4j.Category.<init>(Category.java:192)
at org.apache.log4j.Logger.<init>(Logger.java:57)
at org.apache.log4j.spi.NOPLogger.<init>(NOPLogger.java:42)
at org.apache.log4j.spi.NOPLoggerRepository.getRootLogger(NOPLoggerRepository.java:104)
at org.apache.log4j.LogManager.getRootLogger(LogManager.java:183)
at org.apache.log4j.LogManager.getRootLogger(LogManager.java:178)
at org.slf4j.impl.Log4jLoggerFactory.getLogger(Log4jLoggerFactory.java:71)
at org.slf4j.LoggerFactory.getLogger(LoggerFactory.java:209)
at org.apache.logging.slf4j.SLF4JLoggerContext.getLogger(SLF4JLoggerContext.java:36)
at org.apache.log4j.Category.<init>(Category.java:176)
at org.apache.log4j.Category.<init>(Category.java:192)
at org.apache.log4j.Logger.<init>(Logger.java:57)
at org.apache.log4j.spi.NOPLogger.<init>(NOPLogger.java:42)
at org.apache.log4j.spi.NOPLoggerRepository.getRootLogger(NOPLoggerRepository.java:104)
at org.apache.log4j.LogManager.getRootLogger(LogManager.java:183)
at org.apache.log4j.LogManager.getRootLogger(LogManager.java:178)
at org.slf4j.impl.Log4jLoggerFactory.getLogger(Log4jLoggerFactory.java:71)
at org.slf4j.LoggerFactory.getLogger(LoggerFactory.java:209)
at org.apache.logging.slf4j.SLF4JLoggerContext.getLogger(SLF4JLoggerContext.java:36)
at org.apache.log4j.Category.<init>(Category.java:176)
at org.apache.log4j.Category.<init>(Category.java:192)
at org.apache.log4j.Logger.<init>(Logger.java:57)
at org.apache.log4j.spi.NOPLogger.<init>(NOPLogger.java:42)
at org.apache.log4j.spi.NOPLoggerRepository.getRootLogger(NOPLoggerRepository.java:104)
at org.apache.log4j.LogManager.getRootLogger(LogManager.java:183)
at org.apache.log4j.LogManager.getRootLogger(LogManager.java:178)
at org.slf4j.impl.Log4jLoggerFactory.getLogger(Log4jLoggerFactory.java:71)
at org.slf4j.LoggerFactory.getLogger(LoggerFactory.java:209)
at org.apache.logging.slf4j.SLF4JLoggerContext.getLogger(SLF4JLoggerContext.java:36)
at org.apache.log4j.Category.<init>(Category.java:176)
at org.apache.log4j.Category.<init>(Category.java:192)
at org.apache.log4j.Logger.<init>(Logger.java:57)
at org.apache.log4j.spi.NOPLogger.<init>(NOPLogger.java:42)
at org.apache.log4j.spi.NOPLoggerRepository.getRootLogger(NOPLoggerRepository.java:104)
at org.apache.log4j.LogManager.getRootLogger(LogManager.java:183)
at org.apache.log4j.LogManager.getRootLogger(LogManager.java:178)
at org.slf4j.impl.Log4jLoggerFactory.getLogger(Log4jLoggerFactory.java:71)
at org.slf4j.LoggerFactory.getLogger(LoggerFactory.java:209)
at org.apache.logging.slf4j.SLF4JLoggerContext.getLogger(SLF4JLoggerContext.java:36)
at org.apache.log4j.Category.<init>(Category.java:176)
at org.apache.log4j.Category.<init>(Category.java:192)
at org.apache.log4j.Logger.<init>(Logger.java:57)
at org.apache.log4j.spi.NOPLogger.<init>(NOPLogger.java:42)
at org.apache.log4j.spi.NOPLoggerRepository.getRootLogger(NOPLoggerRepository.java:104)
at org.apache.log4j.LogManager.getRootLogger(LogManager.java:183)
at org.apache.log4j.LogManager.getRootLogger(LogManager.java:178)
at org.slf4j.impl.Log4jLoggerFactory.getLogger(Log4jLoggerFactory.java:71)
at org.slf4j.LoggerFactory.getLogger(LoggerFactory.java:209)
at org.apache.logging.slf4j.SLF4JLoggerContext.getLogger(SLF4JLoggerContext.java:36)
at org.apache.log4j.Category.<init>(Category.java:176)
at org.apache.log4j.Category.<init>(Category.java:192)
at org.apache.log4j.Logger.<init>(Logger.java:57)
at org.apache.log4j.spi.NOPLogger.<init>(NOPLogger.java:42)
at org.apache.log4j.spi.NOPLoggerRepository.getRootLogger(NOPLoggerRepository.java:104)
at org.apache.log4j.LogManager.getRootLogger(LogManager.java:183)
at org.apache.log4j.LogManager.getRootLogger(LogManager.java:178)
at org.slf4j.impl.Log4jLoggerFactory.getLogger(Log4jLoggerFactory.java:71)
at org.slf4j.LoggerFactory.getLogger(LoggerFactory.java:209)
at org.apache.logging.slf4j.SLF4JLoggerContext.getLogger(SLF4JLoggerContext.java:36)
at org.apache.log4j.Category.<init>(Category.java:176)
at org.apache.log4j.Category.<init>(Category.java:192)
at org.apache.log4j.Logger.<init>(Logger.java:57)
at org.apache.log4j.spi.NOPLogger.<init>(NOPLogger.java:42)
at org.apache.log4j.spi.NOPLoggerRepository.getRootLogger(NOPLoggerRepository.java:104)
at org.apache.log4j.LogManager.getRootLogger(LogManager.java:183)
at org.apache.log4j.LogManager.getRootLogger(LogManager.java:178)
at org.slf4j.impl.Log4jLoggerFactory.getLogger(Log4jLoggerFactory.java:71)
at org.slf4j.LoggerFactory.getLogger(LoggerFactory.java:209)
at org.apache.logging.slf4j.SLF4JLoggerContext.getLogger(SLF4JLoggerContext.java:36)
at org.apache.log4j.Category.<init>(Category.java:176)
at org.apache.log4j.Category.<init>(Category.java:192)
at org.apache.log4j.Logger.<init>(Logger.java:57)
at org.apache.log4j.spi.NOPLogger.<init>(NOPLogger.java:42)
at org.apache.log4j.spi.NOPLoggerRepository.getRootLogger(NOPLoggerRepository.java:104)
at org.apache.log4j.LogManager.getRootLogger(LogManager.java:183)
at org.apache.log4j.LogManager.getRootLogger(LogManager.java:178)
at org.slf4j.impl.Log4jLoggerFactory.getLogger(Log4jLoggerFactory.java:71)
at org.slf4j.LoggerFactory.getLogger(LoggerFactory.java:209)
at org.apache.logging.slf4j.SLF4JLoggerContext.getLogger(SLF4JLoggerContext.java:36)
at org.apache.log4j.Category.<init>(Category.java:176)
at org.apache.log4j.Category.<init>(Category.java:192)
at org.apache.log4j.Logger.<init>(Logger.java:57)
at org.apache.log4j.spi.NOPLogger.<init>(NOPLogger.java:42)
at org.apache.log4j.spi.NOPLoggerRepository.getRootLogger(NOPLoggerRepository.java:104)
at org.apache.log4j.LogManager.getRootLogger(LogManager.java:183)
at org.apache.log4j.LogManager.getRootLogger(LogManager.java:178)
at org.slf4j.impl.Log4jLoggerFactory.getLogger(Log4jLoggerFactory.java:71)
at org.slf4j.LoggerFactory.getLogger(LoggerFactory.java:209)
at org.apache.logging.slf4j.SLF4JLoggerContext.getLogger(SLF4JLoggerContext.java:36)
at org.apache.log4j.Category.<init>(Category.java:176)
at org.apache.log4j.Category.<init>(Category.java:192)
at org.apache.log4j.Logger.<init>(Logger.java:57)
at org.apache.log4j.spi.NOPLogger.<init>(NOPLogger.java:42)
at org.apache.log4j.spi.NOPLoggerRepository.getRootLogger(NOPLoggerRepository.java:104)
at org.apache.log4j.LogManager.getRootLogger(LogManager.java:183)
at org.apache.log4j.LogManager.getRootLogger(LogManager.java:178)
at org.slf4j.impl.Log4jLoggerFactory.getLogger(Log4jLoggerFactory.java:71)
at org.slf4j.LoggerFactory.getLogger(LoggerFactory.java:209)
at org.apache.logging.slf4j.SLF4JLoggerContext.getLogger(SLF4JLoggerContext.java:36)
at org.apache.log4j.Category.<init>(Category.java:176)
at org.apache.log4j.Category.<init>(Category.java:192)
at org.apache.log4j.Logger.<init>(Logger.java:57)
at org.apache.log4j.spi.NOPLogger.<init>(NOPLogger.java:42)
at org.apache.log4j.spi.NOPLoggerRepository.getRootLogger(NOPLoggerRepository.java:104)
at org.apache.log4j.LogManager.getRootLogger(LogManager.java:183)
at org.apache.log4j.LogManager.getRootLogger(LogManager.java:178)
at org.slf4j.impl.Log4jLoggerFactory.getLogger(Log4jLoggerFactory.java:71)
at org.slf4j.LoggerFactory.getLogger(LoggerFactory.java:209)
at org.apache.logging.slf4j.SLF4JLoggerContext.getLogger(SLF4JLoggerContext.java:36)
at org.apache.log4j.Category.<init>(Category.java:176)
at org.apache.log4j.Category.<init>(Category.java:192)
at org.apache.log4j.Logger.<init>(Logger.java:57)
at org.apache.log4j.spi.NOPLogger.<init>(NOPLogger.java:42)
at org.apache.log4j.spi.NOPLoggerRepository.getRootLogger(NOPLoggerRepository.java:104)
at org.apache.log4j.LogManager.getRootLogger(LogManager.java:183)
at org.apache.log4j.LogManager.getRootLogger(LogManager.java:178)
at org.slf4j.impl.Log4jLoggerFactory.getLogger(Log4jLoggerFactory.java:71)
at org.slf4j.LoggerFactory.getLogger(LoggerFactory.java:209)
at org.apache.logging.slf4j.SLF4JLoggerContext.getLogger(SLF4JLoggerContext.java:36)
at org.apache.log4j.Category.<init>(Category.java:176)
at org.apache.log4j.Category.<init>(Category.java:192)
at org.apache.log4j.Logger.<init>(Logger.java:57)
at org.apache.log4j.spi.NOPLogger.<init>(NOPLogger.java:42)
at org.apache.log4j.spi.NOPLoggerRepository.getRootLogger(NOPLoggerRepository.java:104)
at org.apache.log4j.LogManager.getRootLogger(LogManager.java:183)
at org.apache.log4j.LogManager.getRootLogger(LogManager.java:178)
at org.slf4j.impl.Log4jLoggerFactory.getLogger(Log4jLoggerFactory.java:71)
at org.slf4j.LoggerFactory.getLogger(LoggerFactory.java:209)
at org.apache.logging.slf4j.SLF4JLoggerContext.getLogger(SLF4JLoggerContext.java:36)
at org.apache.log4j.Category.<init>(Category.java:176)
at org.apache.log4j.Category.<init>(Category.java:192)
at org.apache.log4j.Logger.<init>(Logger.java:57)
at org.apache.log4j.spi.NOPLogger.<init>(NOPLogger.java:42)
at org.apache.log4j.spi.NOPLoggerRepository.getRootLogger(NOPLoggerRepository.java:104)
at org.apache.log4j.LogManager.getRootLogger(LogManager.java:183)
at org.apache.log4j.LogManager.getRootLogger(LogManager.java:178)
at org.slf4j.impl.Log4jLoggerFactory.getLogger(Log4jLoggerFactory.java:71)
at org.slf4j.LoggerFactory.getLogger(LoggerFactory.java:209)
at org.apache.logging.slf4j.SLF4JLoggerContext.getLogger(SLF4JLoggerContext.java:36)
at org.apache.log4j.Category.<init>(Category.java:176)
at org.apache.log4j.Category.<init>(Category.java:192)
at org.apache.log4j.Logger.<init>(Logger.java:57)
at org.apache.log4j.spi.NOPLogger.<init>(NOPLogger.java:42)
at org.apache.log4j.spi.NOPLoggerRepository.getRootLogger(NOPLoggerRepository.java:104)
at org.apache.log4j.LogManager.getRootLogger(LogManager.java:183)
at org.apache.log4j.LogManager.getRootLogger(LogManager.java:178)
at org.slf4j.impl.Log4jLoggerFactory.getLogger(Log4jLoggerFactory.java:71)
at org.slf4j.LoggerFactory.getLogger(LoggerFactory.java:209)
at org.apache.logging.slf4j.SLF4JLoggerContext.getLogger(SLF4JLoggerContext.java:36)
at org.apache.log4j.Category.<init>(Category.java:176)
at org.apache.log4j.Category.<init>(Category.java:192)
at org.apache.log4j.Logger.<init>(Logger.java:57)
at org.apache.log4j.spi.NOPLogger.<init>(NOPLogger.java:42)
at org.apache.log4j.spi.NOPLoggerRepository.getRootLogger(NOPLoggerRepository.java:104)
at org.apache.log4j.LogManager.getRootLogger(LogManager.java:183)
at org.apache.log4j.LogManager.getRootLogger(LogManager.java:178)
at org.slf4j.impl.Log4jLoggerFactory.getLogger(Log4jLoggerFactory.java:71)
at org.slf4j.LoggerFactory.getLogger(LoggerFactory.java:209)
at org.apache.logging.slf4j.SLF4JLoggerContext.getLogger(SLF4JLoggerContext.java:36)
at org.apache.log4j.Category.<init>(Category.java:176)
at org.apache.log4j.Category.<init>(Category.java:192)
at org.apache.log4j.Logger.<init>(Logger.java:57)
at org.apache.log4j.spi.NOPLogger.<init>(NOPLogger.java:42)
at org.apache.log4j.spi.NOPLoggerRepository.getRootLogger(NOPLoggerRepository.java:104)
at org.apache.log4j.LogManager.getRootLogger(LogManager.java:183)
at org.apache.log4j.LogManager.getRootLogger(LogManager.java:178)
at org.slf4j.impl.Log4jLoggerFactory.getLogger(Log4jLoggerFactory.java:71)
at org.slf4j.LoggerFactory.getLogger(LoggerFactory.java:209)
at org.apache.logging.slf4j.SLF4JLoggerContext.getLogger(SLF4JLoggerContext.java:36)
at org.apache.log4j.Category.<init>(Category.java:176)
at org.apache.log4j.Category.<init>(Category.java:192)
at org.apache.log4j.Logger.<init>(Logger.java:57)
at org.apache.log4j.spi.NOPLogger.<init>(NOPLogger.java:42)
at org.apache.log4j.spi.NOPLoggerRepository.getRootLogger(NOPLoggerRepository.java:104)
at org.apache.log4j.LogManager.getRootLogger(LogManager.java:183)
at org.apache.log4j.LogManager.getRootLogger(LogManager.java:178)
at org.slf4j.impl.Log4jLoggerFactory.getLogger(Log4jLoggerFactory.java:71)
at org.slf4j.LoggerFactory.getLogger(LoggerFactory.java:209)
at org.apache.logging.slf4j.SLF4JLoggerContext.getLogger(SLF4JLoggerContext.java:36)
at org.apache.log4j.Category.<init>(Category.java:176)
at org.apache.log4j.Category.<init>(Category.java:192)
at org.apache.log4j.Logger.<init>(Logger.java:57)
at org.apache.log4j.spi.NOPLogger.<init>(NOPLogger.java:42)
at org.apache.log4j.spi.NOPLoggerRepository.getRootLogger(NOPLoggerRepository.java:104)
at org.apache.log4j.LogManager.getRootLogger(LogManager.java:183)
at org.apache.log4j.LogManager.getRootLogger(LogManager.java:178)
at org.slf4j.impl.Log4jLoggerFactory.getLogger(Log4jLoggerFactory.java:71)
at org.slf4j.LoggerFactory.getLogger(LoggerFactory.java:209)
at org.apache.logging.slf4j.SLF4JLoggerContext.getLogger(SLF4JLoggerContext.java:36)
at org.apache.log4j.Category.<init>(Category.java:176)
at org.apache.log4j.Category.<init>(Category.java:192)
at org.apache.log4j.Logger.<init>(Logger.java:57)
at org.apache.log4j.spi.NOPLogger.<init>(NOPLogger.java:42)
at org.apache.log4j.spi.NOPLoggerRepository.getRootLogger(NOPLoggerRepository.java:104)
at org.apache.log4j.LogManager.getRootLogger(LogManager.java:183)
at org.apache.log4j.LogManager.getRootLogger(LogManager.java:178)
at org.slf4j.impl.Log4jLoggerFactory.getLogger(Log4jLoggerFactory.java:71)
at org.slf4j.LoggerFactory.getLogger(LoggerFactory.java:209)
at org.apache.logging.slf4j.SLF4JLoggerContext.getLogger(SLF4JLoggerContext.java:36)
at org.apache.log4j.Category.<init>(Category.java:176)
at org.apache.log4j.Category.<init>(Category.java:192)
at org.apache.log4j.Logger.<init>(Logger.java:57)
at org.apache.log4j.spi.NOPLogger.<init>(NOPLogger.java:42)
at org.apache.log4j.spi.NOPLoggerRepository.getRootLogger(NOPLoggerRepository.java:104)
at org.apache.log4j.LogManager.getRootLogger(LogManager.java:183)
at org.apache.log4j.LogManager.getRootLogger(LogManager.java:178)
at org.slf4j.impl.Log4jLoggerFactory.getLogger(Log4jLoggerFactory.java:71)
at org.slf4j.LoggerFactory.getLogger(LoggerFactory.java:209)
at org.apache.logging.slf4j.SLF4JLoggerContext.getLogger(SLF4JLoggerContext.java:36)
at org.apache.log4j.Category.<init>(Category.java:176)
at org.apache.log4j.Category.<init>(Category.java:192)
at org.apache.log4j.Logger.<init>(Logger.java:57)
at org.apache.log4j.spi.NOPLogger.<init>(NOPLogger.java:42)
at org.apache.log4j.spi.NOPLoggerRepository.getRootLogger(NOPLoggerRepository.java:104)
at org.apache.log4j.LogManager.getRootLogger(LogManager.java:183)
at org.apache.log4j.LogManager.getRootLogger(LogManager.java:178)
at org.slf4j.impl.Log4jLoggerFactory.getLogger(Log4jLoggerFactory.java:71)
at org.slf4j.LoggerFactory.getLogger(LoggerFactory.java:209)
at org.apache.logging.slf4j.SLF4JLoggerContext.getLogger(SLF4JLoggerContext.java:36)
at org.apache.log4j.Category.<init>(Category.java:176)
at org.apache.log4j.Category.<init>(Category.java:192)
at org.apache.log4j.Logger.<init>(Logger.java:57)
at org.apache.log4j.spi.NOPLogger.<init>(NOPLogger.java:42)
at org.apache.log4j.spi.NOPLoggerRepository.getRootLogger(NOPLoggerRepository.java:104)
at org.apache.log4j.LogManager.getRootLogger(LogManager.java:183)
at org.apache.log4j.LogManager.getRootLogger(LogManager.java:178)
at org.slf4j.impl.Log4jLoggerFactory.getLogger(Log4jLoggerFactory.java:71)
at org.slf4j.LoggerFactory.getLogger(LoggerFactory.java:209)
at org.apache.logging.slf4j.SLF4JLoggerContext.getLogger(SLF4JLoggerContext.java:36)
at org.apache.log4j.Category.<init>(Category.java:176)
at org.apache.log4j.Category.<init>(Category.java:192)
at org.apache.log4j.Logger.<init>(Logger.java:57)
at org.apache.log4j.spi.NOPLogger.<init>(NOPLogger.java:42)
at org.apache.log4j.spi.NOPLoggerRepository.getRootLogger(NOPLoggerRepository.java:104)
at org.apache.log4j.LogManager.getRootLogger(LogManager.java:183)
at org.apache.log4j.LogManager.getRootLogger(LogManager.java:178)
at org.slf4j.impl.Log4jLoggerFactory.getLogger(Log4jLoggerFactory.java:71)
at org.slf4j.LoggerFactory.getLogger(LoggerFactory.java:209)
at org.apache.logging.slf4j.SLF4JLoggerContext.getLogger(SLF4JLoggerContext.java:36)
at org.apache.log4j.Category.<init>(Category.java:176)
at org.apache.log4j.Category.<init>(Category.java:192)
at org.apache.log4j.Logger.<init>(Logger.java:57)
at org.apache.log4j.spi.NOPLogger.<init>(NOPLogger.java:42)
at org.apache.log4j.spi.NOPLoggerRepository.getRootLogger(NOPLoggerRepository.java:104)
at org.apache.log4j.LogManager.getRootLogger(LogManager.java:183)
at org.apache.log4j.LogManager.getRootLogger(LogManager.java:178)
at org.slf4j.impl.Log4jLoggerFactory.getLogger(Log4jLoggerFactory.java:71)
at org.slf4j.LoggerFactory.getLogger(LoggerFactory.java:209)
at org.apache.logging.slf4j.SLF4JLoggerContext.getLogger(SLF4JLoggerContext.java:36)
at org.apache.log4j.Category.<init>(Category.java:176)
at org.apache.log4j.Category.<init>(Category.java:192)
at org.apache.log4j.Logger.<init>(Logger.java:57)
at org.apache.log4j.spi.NOPLogger.<init>(NOPLogger.java:42)
at org.apache.log4j.spi.NOPLoggerRepository.getRootLogger(NOPLoggerRepository.java:104)
at org.apache.log4j.LogManager.getRootLogger(LogManager.java:183)
at org.apache.log4j.LogManager.getRootLogger(LogManager.java:178)
at org.slf4j.impl.Log4jLoggerFactory.getLogger(Log4jLoggerFactory.java:71)
at org.slf4j.LoggerFactory.getLogger(LoggerFactory.java:209)
at org.apache.logging.slf4j.SLF4JLoggerContext.getLogger(SLF4JLoggerContext.java:36)
at org.apache.log4j.Category.<init>(Category.java:176)
at org.apache.log4j.Category.<init>(Category.java:192)
at org.apache.log4j.Logger.<init>(Logger.java:57)
at org.apache.log4j.spi.NOPLogger.<init>(NOPLogger.java:42)
at org.apache.log4j.spi.NOPLoggerRepository.getRootLogger(NOPLoggerRepository.java:104)
at org.apache.log4j.LogManager.getRootLogger(LogManager.java:183)
at org.apache.log4j.LogManager.getRootLogger(LogManager.java:178)
at org.slf4j.impl.Log4jLoggerFactory.getLogger(Log4jLoggerFactory.java:71)
at org.slf4j.LoggerFactory.getLogger(LoggerFactory.java:209)
at org.apache.logging.slf4j.SLF4JLoggerContext.getLogger(SLF4JLoggerContext.java:36)
at org.apache.log4j.Category.<init>(Category.java:176)
at org.apache.log4j.Category.<init>(Category.java:192)
at org.apache.log4j.Logger.<init>(Logger.java:57)
at org.apache.log4j.spi.NOPLogger.<init>(NOPLogger.java:42)
at org.apache.log4j.spi.NOPLoggerRepository.getRootLogger(NOPLoggerRepository.java:104)
at org.apache.log4j.LogManager.getRootLogger(LogManager.java:183)
at org.apache.log4j.LogManager.getRootLogger(LogManager.java:178)
at org.slf4j.impl.Log4jLoggerFactory.getLogger(Log4jLoggerFactory.java:71)
at org.slf4j.LoggerFactory.getLogger(LoggerFactory.java:209)
at org.apache.logging.slf4j.SLF4JLoggerContext.getLogger(SLF4JLoggerContext.java:36)
at org.apache.log4j.Category.<init>(Category.java:176)
at org.apache.log4j.Category.<init>(Category.java:192)
at org.apache.log4j.Logger.<init>(Logger.java:57)
at org.apache.log4j.spi.NOPLogger.<init>(NOPLogger.java:42)
at org.apache.log4j.spi.NOPLoggerRepository.getRootLogger(NOPLoggerRepository.java:104)
at org.apache.log4j.LogManager.getRootLogger(LogManager.java:183)
at org.apache.log4j.LogManager.getRootLogger(LogManager.java:178)
at org.slf4j.impl.Log4jLoggerFactory.getLogger(Log4jLoggerFactory.java:71)
at org.slf4j.LoggerFactory.getLogger(LoggerFactory.java:209)
at org.apache.logging.slf4j.SLF4JLoggerContext.getLogger(SLF4JLoggerContext.java:36)
at org.apache.log4j.Category.<init>(Category.java:176)
at org.apache.log4j.Category.<init>(Category.java:192)
at org.apache.log4j.Logger.<init>(Logger.java:57)
at org.apache.log4j.spi.NOPLogger.<init>(NOPLogger.java:42)
at org.apache.log4j.spi.NOPLoggerRepository.getRootLogger(NOPLoggerRepository.java:104)
at org.apache.log4j.LogManager.getRootLogger(LogManager.java:183)
at org.apache.log4j.LogManager.getRootLogger(LogManager.java:178)
at org.slf4j.impl.Log4jLoggerFactory.getLogger(Log4jLoggerFactory.java:71)
at org.slf4j.LoggerFactory.getLogger(LoggerFactory.java:209)
at org.apache.logging.slf4j.SLF4JLoggerContext.getLogger(SLF4JLoggerContext.java:36)
at org.apache.log4j.Category.<init>(Category.java:176)
at org.apache.log4j.Category.<init>(Category.java:192)
at org.apache.log4j.Logger.<init>(Logger.java:57)
at org.apache.log4j.spi.NOPLogger.<init>(NOPLogger.java:42)
at org.apache.log4j.spi.NOPLoggerRepository.getRootLogger(NOPLoggerRepository.java:104)
at org.apache.log4j.LogManager.getRootLogger(LogManager.java:183)
at org.apache.log4j.LogManager.getRootLogger(LogManager.java:178)
at org.slf4j.impl.Log4jLoggerFactory.getLogger(Log4jLoggerFactory.java:71)
at org.slf4j.LoggerFactory.getLogger(LoggerFactory.java:209)
at org.apache.logging.slf4j.SLF4JLoggerContext.getLogger(SLF4JLoggerContext.java:36)
at org.apache.log4j.Category.<init>(Category.java:176)
at org.apache.log4j.Category.<init>(Category.java:192)
at org.apache.log4j.Logger.<init>(Logger.java:57)
at org.apache.log4j.spi.NOPLogger.<init>(NOPLogger.java:42)
at org.apache.log4j.spi.NOPLoggerRepository.getRootLogger(NOPLoggerRepository.java:104)
at org.apache.log4j.LogManager.getRootLogger(LogManager.java:183)
at org.apache.log4j.LogManager.getRootLogger(LogManager.java:178)
at org.slf4j.impl.Log4jLoggerFactory.getLogger(Log4jLoggerFactory.java:71)
at org.slf4j.LoggerFactory.getLogger(LoggerFactory.java:209)
at org.apache.logging.slf4j.SLF4JLoggerContext.getLogger(SLF4JLoggerContext.java:36)
at org.apache.log4j.Category.<init>(Category.java:176)
at org.apache.log4j.Category.<init>(Category.java:192)
at org.apache.log4j.Logger.<init>(Logger.java:57)
at org.apache.log4j.spi.NOPLogger.<init>(NOPLogger.java:42)
at org.apache.log4j.spi.NOPLoggerRepository.getRootLogger(NOPLoggerRepository.java:104)
at org.apache.log4j.LogManager.getRootLogger(LogManager.java:183)
at org.apache.log4j.LogManager.getRootLogger(LogManager.java:178)
at org.slf4j.impl.Log4jLoggerFactory.getLogger(Log4jLoggerFactory.java:71)
at org.slf4j.LoggerFactory.getLogger(LoggerFactory.java:209)
at org.apache.logging.slf4j.SLF4JLoggerContext.getLogger(SLF4JLoggerContext.java:36)
at org.apache.log4j.Category.<init>(Category.java:176)
at org.apache.log4j.Category.<init>(Category.java:192)
at org.apache.log4j.Logger.<init>(Logger.java:57)
at org.apache.log4j.spi.NOPLogger.<init>(NOPLogger.java:42)
at org.apache.log4j.spi.NOPLoggerRepository.getRootLogger(NOPLoggerRepository.java:104)
at org.apache.log4j.LogManager.getRootLogger(LogManager.java:183)
at org.apache.log4j.LogManager.getRootLogger(LogManager.java:178)
at org.slf4j.impl.Log4jLoggerFactory.getLogger(Log4jLoggerFactory.java:71)
at org.slf4j.LoggerFactory.getLogger(LoggerFactory.java:209)
at org.apache.logging.slf4j.SLF4JLoggerContext.getLogger(SLF4JLoggerContext.java:36)
at org.apache.log4j.Category.<init>(Category.java:176)
at org.apache.log4j.Category.<init>(Category.java:192)
at org.apache.log4j.Logger.<init>(Logger.java:57)
at org.apache.log4j.spi.NOPLogger.<init>(NOPLogger.java:42)
at org.apache.log4j.spi.NOPLoggerRepository.getRootLogger(NOPLoggerRepository.java:104)
at org.apache.log4j.LogManager.getRootLogger(LogManager.java:183)
at org.apache.log4j.LogManager.getRootLogger(LogManager.java:178)
at org.slf4j.impl.Log4jLoggerFactory.getLogger(Log4jLoggerFactory.java:71)
at org.slf4j.LoggerFactory.getLogger(LoggerFactory.java:209)
at org.apache.logging.slf4j.SLF4JLoggerContext.getLogger(SLF4JLoggerContext.java:36)
at org.apache.log4j.Category.<init>(Category.java:176)
at org.apache.log4j.Category.<init>(Category.java:192)
at org.apache.log4j.Logger.<init>(Logger.java:57)
at org.apache.log4j.spi.NOPLogger.<init>(NOPLogger.java:42)
at org.apache.log4j.spi.NOPLoggerRepository.getRootLogger(NOPLoggerRepository.java:104)
at org.apache.log4j.LogManager.getRootLogger(LogManager.java:183)
at org.apache.log4j.LogManager.getRootLogger(LogManager.java:178)
at org.slf4j.impl.Log4jLoggerFactory.getLogger(Log4jLoggerFactory.java:71)
at org.slf4j.LoggerFactory.getLogger(LoggerFactory.java:209)
at org.apache.logging.slf4j.SLF4JLoggerContext.getLogger(SLF4JLoggerContext.java:36)
at org.apache.log4j.Category.<init>(Category.java:176)
at org.apache.log4j.Category.<init>(Category.java:192)
at org.apache.log4j.Logger.<init>(Logger.java:57)
at org.apache.log4j.spi.NOPLogger.<init>(NOPLogger.java:42)
at org.apache.log4j.spi.NOPLoggerRepository.getRootLogger(NOPLoggerRepository.java:104)
at org.apache.log4j.LogManager.getRootLogger(LogManager.java:183)
at org.apache.log4j.LogManager.getRootLogger(LogManager.java:178)
at org.slf4j.impl.Log4jLoggerFactory.getLogger(Log4jLoggerFactory.java:71)
at org.slf4j.LoggerFactory.getLogger(LoggerFactory.java:209)
at org.apache.logging.slf4j.SLF4JLoggerContext.getLogger(SLF4JLoggerContext.java:36)
at org.apache.log4j.Category.<init>(Category.java:176)
at org.apache.log4j.Category.<init>(Category.java:192)
at org.apache.log4j.Logger.<init>(Logger.java:57)
at org.apache.log4j.spi.NOPLogger.<init>(NOPLogger.java:42)
at org.apache.log4j.spi.NOPLoggerRepository.getRootLogger(NOPLoggerRepository.java:104)
at org.apache.log4j.LogManager.getRootLogger(LogManager.java:183)
at org.apache.log4j.LogManager.getRootLogger(LogManager.java:178)
at org.slf4j.impl.Log4jLoggerFactory.getLogger(Log4jLoggerFactory.java:71)
at org.slf4j.LoggerFactory.getLogger(LoggerFactory.java:209)
at org.apache.logging.slf4j.SLF4JLoggerContext.getLogger(SLF4JLoggerContext.java:36)
at org.apache.log4j.Category.<init>(Category.java:176)
at org.apache.log4j.Category.<init>(Category.java:192)
at org.apache.log4j.Logger.<init>(Logger.java:57)
at org.apache.log4j.spi.NOPLogger.<init>(NOPLogger.java:42)
at org.apache.log4j.spi.NOPLoggerRepository.getRootLogger(NOPLoggerRepository.java:104)
at org.apache.log4j.LogManager.getRootLogger(LogManager.java:183)
at org.apache.log4j.LogManager.getRootLogger(LogManager.java:178)
at org.slf4j.impl.Log4jLoggerFactory.getLogger(Log4jLoggerFactory.java:71)
at org.slf4j.LoggerFactory.getLogger(LoggerFactory.java:209)
at org.apache.logging.slf4j.SLF4JLoggerContext.getLogger(SLF4JLoggerContext.java:36)
at org.apache.log4j.Category.<init>(Category.java:176)
at org.apache.log4j.Category.<init>(Category.java:192)
at org.apache.log4j.Logger.<init>(Logger.java:57)
at org.apache.log4j.spi.NOPLogger.<init>(NOPLogger.java:42)
at org.apache.log4j.spi.NOPLoggerRepository.getRootLogger(NOPLoggerRepository.java:104)
at org.apache.log4j.LogManager.getRootLogger(LogManager.java:183)
at org.apache.log4j.LogManager.getRootLogger(LogManager.java:178)
at org.slf4j.impl.Log4jLoggerFactory.getLogger(Log4jLoggerFactory.java:71)
at org.slf4j.LoggerFactory.getLogger(LoggerFactory.java:209)
at org.apache.logging.slf4j.SLF4JLoggerContext.getLogger(SLF4JLoggerContext.java:36)
at org.apache.log4j.Category.<init>(Category.java:176)
at org.apache.log4j.Category.<init>(Category.java:192)
at org.apache.log4j.Logger.<init>(Logger.java:57)
at org.apache.log4j.spi.NOPLogger.<init>(NOPLogger.java:42)
at org.apache.log4j.spi.NOPLoggerRepository.getRootLogger(NOPLoggerRepository.java:104)
at org.apache.log4j.LogManager.getRootLogger(LogManager.java:183)
at org.apache.log4j.LogManager.getRootLogger(LogManager.java:178)
at org.slf4j.impl.Log4jLoggerFactory.getLogger(Log4jLoggerFactory.java:71)
at org.slf4j.LoggerFactory.getLogger(LoggerFactory.java:209)
at org.apache.logging.slf4j.SLF4JLoggerContext.getLogger(SLF4JLoggerContext.java:36)
at org.apache.log4j.Category.<init>(Category.java:176)
at org.apache.log4j.Category.<init>(Category.java:192)
at org.apache.log4j.Logger.<init>(Logger.java:57)
at org.apache.log4j.spi.NOPLogger.<init>(NOPLogger.java:42)
at org.apache.log4j.spi.NOPLoggerRepository.getRootLogger(NOPLoggerRepository.java:104)
at org.apache.log4j.LogManager.getRootLogger(LogManager.java:183)
at org.apache.log4j.LogManager.getRootLogger(LogManager.java:178)
at org.slf4j.impl.Log4jLoggerFactory.getLogger(Log4jLoggerFactory.java:71)
at org.slf4j.LoggerFactory.getLogger(LoggerFactory.java:209)
at org.apache.logging.slf4j.SLF4JLoggerContext.getLogger(SLF4JLoggerContext.java:36)
at org.apache.log4j.Category.<init>(Category.java:176)
at org.apache.log4j.Category.<init>(Category.java:192)
at org.apache.log4j.Logger.<init>(Logger.java:57)
at org.apache.log4j.spi.NOPLogger.<init>(NOPLogger.java:42)
at org.apache.log4j.spi.NOPLoggerRepository.getRootLogger(NOPLoggerRepository.java:104)
at org.apache.log4j.LogManager.getRootLogger(LogManager.java:183)
at org.apache.log4j.LogManager.getRootLogger(LogManager.java:178)
at org.slf4j.impl.Log4jLoggerFactory.getLogger(Log4jLoggerFactory.java:71)
at org.slf4j.LoggerFactory.getLogger(LoggerFactory.java:209)
at org.apache.logging.slf4j.SLF4JLoggerContext.getLogger(SLF4JLoggerContext.java:36)
at org.apache.log4j.Category.<init>(Category.java:176)
at org.apache.log4j.Category.<init>(Category.java:192)
at org.apache.log4j.Logger.<init>(Logger.java:57)
at org.apache.log4j.spi.NOPLogger.<init>(NOPLogger.java:42)
at org.apache.log4j.spi.NOPLoggerRepository.getRootLogger(NOPLoggerRepository.java:104)
at org.apache.log4j.LogManager.getRootLogger(LogManager.java:183)
at org.apache.log4j.LogManager.getRootLogger(LogManager.java:178)
at org.slf4j.impl.Log4jLoggerFactory.getLogger(Log4jLoggerFactory.java:71)
at org.slf4j.LoggerFactory.getLogger(LoggerFactory.java:209)
at org.apache.logging.slf4j.SLF4JLoggerContext.getLogger(SLF4JLoggerContext.java:36)
at org.apache.log4j.Category.<init>(Category.java:176)
at org.apache.log4j.Category.<init>(Category.java:192)
at org.apache.log4j.Logger.<init>(Logger.java:57)
at org.apache.log4j.spi.NOPLogger.<init>(NOPLogger.java:42)
at org.apache.log4j.spi.NOPLoggerRepository.getRootLogger(NOPLoggerRepository.java:104)
at org.apache.log4j.LogManager.getRootLogger(LogManager.java:183)
at org.apache.log4j.LogManager.getRootLogger(LogManager.java:178)
at org.slf4j.impl.Log4jLoggerFactory.getLogger(Log4jLoggerFactory.java:71)
at org.slf4j.LoggerFactory.getLogger(LoggerFactory.java:209)
at org.apache.logging.slf4j.SLF4JLoggerContext.getLogger(SLF4JLoggerContext.java:36)
at org.apache.log4j.Category.<init>(Category.java:176)
at org.apache.log4j.Category.<init>(Category.java:192)
at org.apache.log4j.Logger.<init>(Logger.java:57)
at org.apache.log4j.spi.NOPLogger.<init>(NOPLogger.java:42)
at org.apache.log4j.spi.NOPLoggerRepository.getRootLogger(NOPLoggerRepository.java:104)
at org.apache.log4j.LogManager.getRootLogger(LogManager.java:183)
at org.apache.log4j.LogManager.getRootLogger(LogManager.java:178)
at org.slf4j.impl.Log4jLoggerFactory.getLogger(Log4jLoggerFactory.java:71)
at org.slf4j.LoggerFactory.getLogger(LoggerFactory.java:209)
at org.apache.logging.slf4j.SLF4JLoggerContext.getLogger(SLF4JLoggerContext.java:36)
at org.apache.log4j.Category.<init>(Category.java:176)
at org.apache.log4j.Category.<init>(Category.java:192)
at org.apache.log4j.Logger.<init>(Logger.java:57)
at org.apache.log4j.spi.NOPLogger.<init>(NOPLogger.java:42)
at org.apache.log4j.spi.NOPLoggerRepository.getRootLogger(NOPLoggerRepository.java:104)
at org.apache.log4j.LogManager.getRootLogger(LogManager.java:183)
at org.apache.log4j.LogManager.getRootLogger(LogManager.java:178)
at org.slf4j.impl.Log4jLoggerFactory.getLogger(Log4jLoggerFactory.java:71)
at org.slf4j.LoggerFactory.getLogger(LoggerFactory.java:209)
at org.apache.logging.slf4j.SLF4JLoggerContext.getLogger(SLF4JLoggerContext.java:36)
at org.apache.log4j.Category.<init>(Category.java:176)
at org.apache.log4j.Category.<init>(Category.java:192)
at org.apache.log4j.Logger.<init>(Logger.java:57)
at org.apache.log4j.spi.NOPLogger.<init>(NOPLogger.java:42)
at org.apache.log4j.spi.NOPLoggerRepository.getRootLogger(NOPLoggerRepository.java:104)
at org.apache.log4j.LogManager.getRootLogger(LogManager.java:183)
at org.apache.log4j.LogManager.getRootLogger(LogManager.java:178)
at org.slf4j.impl.Log4jLoggerFactory.getLogger(Log4jLoggerFactory.java:71)
at org.slf4j.LoggerFactory.getLogger(LoggerFactory.java:209)
at org.apache.logging.slf4j.SLF4JLoggerContext.getLogger(SLF4JLoggerContext.java:36)
at org.apache.log4j.Category.<init>(Category.java:176)
at org.apache.log4j.Category.<init>(Category.java:192)
at org.apache.log4j.Logger.<init>(Logger.java:57)
at org.apache.log4j.spi.NOPLogger.<init>(NOPLogger.java:42)
at org.apache.log4j.spi.NOPLoggerRepository.getRootLogger(NOPLoggerRepository.java:104)
at org.apache.log4j.LogManager.getRootLogger(LogManager.java:183)
at org.apache.log4j.LogManager.getRootLogger(LogManager.java:178)
at org.slf4j.impl.Log4jLoggerFactory.getLogger(Log4jLoggerFactory.java:71)
at org.slf4j.LoggerFactory.getLogger(LoggerFactory.java:209)
at org.apache.logging.slf4j.SLF4JLoggerContext.getLogger(SLF4JLoggerContext.java:36)
at org.apache.log4j.Category.<init>(Category.java:176)
at org.apache.log4j.Category.<init>(Category.java:192)
at org.apache.log4j.Logger.<init>(Logger.java:57)
at org.apache.log4j.spi.NOPLogger.<init>(NOPLogger.java:42)
at org.apache.log4j.spi.NOPLoggerRepository.getRootLogger(NOPLoggerRepository.java:104)
at org.apache.log4j.LogManager.getRootLogger(LogManager.java:183)
at org.apache.log4j.LogManager.getRootLogger(LogManager.java:178)
at org.slf4j.impl.Log4jLoggerFactory.getLogger(Log4jLoggerFactory.java:71)
at org.slf4j.LoggerFactory.getLogger(LoggerFactory.java:209)
at org.apache.logging.slf4j.SLF4JLoggerContext.getLogger(SLF4JLoggerContext.java:36)
at org.apache.log4j.Category.<init>(Category.java:176)
at org.apache.log4j.Category.<init>(Category.java:192)
at org.apache.log4j.Logger.<init>(Logger.java:57)
at org.apache.log4j.spi.NOPLogger.<init>(NOPLogger.java:42)
at org.apache.log4j.spi.NOPLoggerRepository.getRootLogger(NOPLoggerRepository.java:104)
at org.apache.log4j.LogManager.getRootLogger(LogManager.java:183)
at org.apache.log4j.LogManager.getRootLogger(LogManager.java:178)
at org.slf4j.impl.Log4jLoggerFactory.getLogger(Log4jLoggerFactory.java:71)
at org.slf4j.LoggerFactory.getLogger(LoggerFactory.java:209)
at org.apache.logging.slf4j.SLF4JLoggerContext.getLogger(SLF4JLoggerContext.java:36)
at org.apache.log4j.Category.<init>(Category.java:176)
at org.apache.log4j.Category.<init>(Category.java:192)
at org.apache.log4j.Logger.<init>(Logger.java:57)
at org.apache.log4j.spi.NOPLogger.<init>(NOPLogger.java:42)
at org.apache.log4j.spi.NOPLoggerRepository.getRootLogger(NOPLoggerRepository.java:104)
at org.apache.log4j.LogManager.getRootLogger(LogManager.java:183)
at org.apache.log4j.LogManager.getRootLogger(LogManager.java:178)
at org.slf4j.impl.Log4jLoggerFactory.getLogger(Log4jLoggerFactory.java:71)
at org.slf4j.LoggerFactory.getLogger(LoggerFactory.java:209)
at org.apache.logging.slf4j.SLF4JLoggerContext.getLogger(SLF4JLoggerContext.java:36)
at org.apache.log4j.Category.<init>(Category.java:176)
at org.apache.log4j.Category.<init>(Category.java:192)
at org.apache.log4j.Logger.<init>(Logger.java:57)
at org.apache.log4j.spi.NOPLogger.<init>(NOPLogger.java:42)
at org.apache.log4j.spi.NOPLoggerRepository.getRootLogger(NOPLoggerRepository.java:104)
at org.apache.log4j.LogManager.getRootLogger(LogManager.java:183)
at org.apache.log4j.LogManager.getRootLogger(LogManager.java:178)
at org.slf4j.impl.Log4jLoggerFactory.getLogger(Log4jLoggerFactory.java:71)
at org.slf4j.LoggerFactory.getLogger(LoggerFactory.java:209)
at org.apache.logging.slf4j.SLF4JLoggerContext.getLogger(SLF4JLoggerContext.java:36)
at org.apache.log4j.Category.<init>(Category.java:176)
at org.apache.log4j.Category.<init>(Category.java:192)
at org.apache.log4j.Logger.<init>(Logger.java:57)
at org.apache.log4j.spi.NOPLogger.<init>(NOPLogger.java:42)
at org.apache.log4j.spi.NOPLoggerRepository.getRootLogger(NOPLoggerRepository.java:104)
at org.apache.log4j.LogManager.getRootLogger(LogManager.java:183)
at org.apache.log4j.LogManager.getRootLogger(LogManager.java:178)
at org.slf4j.impl.Log4jLoggerFactory.getLogger(Log4jLoggerFactory.java:71)
at org.slf4j.LoggerFactory.getLogger(LoggerFactory.java:209)
at org.apache.logging.slf4j.SLF4JLoggerContext.getLogger(SLF4JLoggerContext.java:36)
at org.apache.log4j.Category.<init>(Category.java:176)
at org.apache.log4j.Category.<init>(Category.java:192)
at org.apache.log4j.Logger.<init>(Logger.java:57)
at org.apache.log4j.spi.NOPLogger.<init>(NOPLogger.java:42)
at org.apache.log4j.spi.NOPLoggerRepository.getRootLogger(NOPLoggerRepository.java:104)
at org.apache.log4j.LogManager.getRootLogger(LogManager.java:183)
at org.apache.log4j.LogManager.getRootLogger(LogManager.java:178)
at org.slf4j.impl.Log4jLoggerFactory.getLogger(Log4jLoggerFactory.java:71)
at org.slf4j.LoggerFactory.getLogger(LoggerFactory.java:209)
at org.apache.logging.slf4j.SLF4JLoggerContext.getLogger(SLF4JLoggerContext.java:36)
at org.apache.log4j.Category.<init>(Category.java:176)
at org.apache.log4j.Category.<init>(Category.java:192)
at org.apache.log4j.Logger.<init>(Logger.java:57)
at org.apache.log4j.spi.NOPLogger.<init>(NOPLogger.java:42)
at org.apache.log4j.spi.NOPLoggerRepository.getRootLogger(NOPLoggerRepository.java:104)
at org.apache.log4j.LogManager.getRootLogger(LogManager.java:183)
at org.apache.log4j.LogManager.getRootLogger(LogManager.java:178)
at org.slf4j.impl.Log4jLoggerFactory.getLogger(Log4jLoggerFactory.java:71)
at org.slf4j.LoggerFactory.getLogger(LoggerFactory.java:209)
at org.apache.logging.slf4j.SLF4JLoggerContext.getLogger(SLF4JLoggerContext.java:36)
at org.apache.log4j.Category.<init>(Category.java:176)
at org.apache.log4j.Category.<init>(Category.java:192)
at org.apache.log4j.Logger.<init>(Logger.java:57)
at org.apache.log4j.spi.NOPLogger.<init>(NOPLogger.java:42)
at org.apache.log4j.spi.NOPLoggerRepository.getRootLogger(NOPLoggerRepository.java:104)
at org.apache.log4j.LogManager.getRootLogger(LogManager.java:183)
at org.apache.log4j.LogManager.getRootLogger(LogManager.java:178)
at org.slf4j.impl.Log4jLoggerFactory.getLogger(Log4jLoggerFactory.java:71)
at org.slf4j.LoggerFactory.getLogger(LoggerFactory.java:209)
at org.apache.logging.slf4j.SLF4JLoggerContext.getLogger(SLF4JLoggerContext.java:36)
at org.apache.log4j.Category.<init>(Category.java:176)
at org.apache.log4j.Category.<init>(Category.java:192)
at org.apache.log4j.Logger.<init>(Logger.java:57)
at org.apache.log4j.spi.NOPLogger.<init>(NOPLogger.java:42)
at org.apache.log4j.spi.NOPLoggerRepository.getRootLogger(NOPLoggerRepository.java:104)
at org.apache.log4j.LogManager.getRootLogger(LogManager.java:183)
at org.apache.log4j.LogManager.getRootLogger(LogManager.java:178)
at org.slf4j.impl.Log4jLoggerFactory.getLogger(Log4jLoggerFactory.java:71)
at org.slf4j.LoggerFactory.getLogger(LoggerFactory.java:209)
at org.apache.logging.slf4j.SLF4JLoggerContext.getLogger(SLF4JLoggerContext.java:36)
at org.apache.log4j.Category.<init>(Category.java:176)
at org.apache.log4j.Category.<init>(Category.java:192)
at org.apache.log4j.Logger.<init>(Logger.java:57)
at org.apache.log4j.spi.NOPLogger.<init>(NOPLogger.java:42)
at org.apache.log4j.spi.NOPLoggerRepository.getRootLogger(NOPLoggerRepository.java:104)
at org.apache.log4j.LogManager.getRootLogger(LogManager.java:183)
at org.apache.log4j.LogManager.getRootLogger(LogManager.java:178)
at org.slf4j.impl.Log4jLoggerFactory.getLogger(Log4jLoggerFactory.java:71)
at org.slf4j.LoggerFactory.getLogger(LoggerFactory.java:209)
at org.apache.logging.slf4j.SLF4JLoggerContext.getLogger(SLF4JLoggerContext.java:36)
at org.apache.log4j.Category.<init>(Category.java:176)
at org.apache.log4j.Category.<init>(Category.java:192)
at org.apache.log4j.Logger.<init>(Logger.java:57)
at org.apache.log4j.spi.NOPLogger.<init>(NOPLogger.java:42)
at org.apache.log4j.spi.NOPLoggerRepository.getRootLogger(NOPLoggerRepository.java:104)
at org.apache.log4j.LogManager.getRootLogger(LogManager.java:183)
at org.apache.log4j.LogManager.getRootLogger(LogManager.java:178)
at org.slf4j.impl.Log4jLoggerFactory.getLogger(Log4jLoggerFactory.java:71)
at org.slf4j.LoggerFactory.getLogger(LoggerFactory.java:209)
at org.apache.logging.slf4j.SLF4JLoggerContext.getLogger(SLF4JLoggerContext.java:36)
at org.apache.log4j.Category.<init>(Category.java:176)
at org.apache.log4j.Category.<init>(Category.java:192)
at org.apache.log4j.Logger.<init>(Logger.java:57)
at org.apache.log4j.spi.NOPLogger.<init>(NOPLogger.java:42)
at org.apache.log4j.spi.NOPLoggerRepository.getRootLogger(NOPLoggerRepository.java:104)
at org.apache.log4j.LogManager.getRootLogger(LogManager.java:183)
at org.apache.log4j.LogManager.getRootLogger(LogManager.java:178)
at org.slf4j.impl.Log4jLoggerFactory.getLogger(Log4jLoggerFactory.java:71)
at org.slf4j.LoggerFactory.getLogger(LoggerFactory.java:209)
at org.apache.logging.slf4j.SLF4JLoggerContext.getLogger(SLF4JLoggerContext.java:36)
at org.apache.log4j.Category.<init>(Category.java:176)
at org.apache.log4j.Category.<init>(Category.java:192)
at org.apache.log4j.Logger.<init>(Logger.java:57)
at org.apache.log4j.spi.NOPLogger.<init>(NOPLogger.java:42)
at org.apache.log4j.spi.NOPLoggerRepository.getRootLogger(NOPLoggerRepository.java:104)
at org.apache.log4j.LogManager.getRootLogger(LogManager.java:183)
at org.apache.log4j.LogManager.getRootLogger(LogManager.java:178)
at org.slf4j.impl.Log4jLoggerFactory.getLogger(Log4jLoggerFactory.java:71)
at org.slf4j.LoggerFactory.getLogger(LoggerFactory.java:209)
at org.apache.logging.slf4j.SLF4JLoggerContext.getLogger(SLF4JLoggerContext.java:36)
at org.apache.log4j.Category.<init>(Category.java:176)
at org.apache.log4j.Category.<init>(Category.java:192)
at org.apache.log4j.Logger.<init>(Logger.java:57)
at org.apache.log4j.spi.NOPLogger.<init>(NOPLogger.java:42)
at org.apache.log4j.spi.NOPLoggerRepository.getRootLogger(NOPLoggerRepository.java:104)
at org.apache.log4j.LogManager.getRootLogger(LogManager.java:183)
at org.apache.log4j.LogManager.getRootLogger(LogManager.java:178)
at org.slf4j.impl.Log4jLoggerFactory.getLogger(Log4jLoggerFactory.java:71)
at org.slf4j.LoggerFactory.getLogger(LoggerFactory.java:209)
at org.apache.logging.slf4j.SLF4JLoggerContext.getLogger(SLF4JLoggerContext.java:36)
at org.apache.log4j.Category.<init>(Category.java:176)
at org.apache.log4j.Category.<init>(Category.java:192)
at org.apache.log4j.Logger.<init>(Logger.java:57)
at org.apache.log4j.spi.NOPLogger.<init>(NOPLogger.java:42)
at org.apache.log4j.spi.NOPLoggerRepository.getRootLogger(NOPLoggerRepository.java:104)
at org.apache.log4j.LogManager.getRootLogger(LogManager.java:183)
at org.apache.log4j.LogManager.getRootLogger(LogManager.java:178)
at org.slf4j.impl.Log4jLoggerFactory.getLogger(Log4jLoggerFactory.java:71)
at org.slf4j.LoggerFactory.getLogger(LoggerFactory.java:209)
at org.apache.logging.slf4j.SLF4JLoggerContext.getLogger(SLF4JLoggerContext.java:36)
at org.apache.log4j.Category.<init>(Category.java:176)
at org.apache.log4j.Category.<init>(Category.java:192)
at org.apache.log4j.Logger.<init>(Logger.java:57)
at org.apache.log4j.spi.NOPLogger.<init>(NOPLogger.java:42)
at org.apache.log4j.spi.NOPLoggerRepository.getRootLogger(NOPLoggerRepository.java:104)
at org.apache.log4j.LogManager.getRootLogger(LogManager.java:183)
at org.apache.log4j.LogManager.getRootLogger(LogManager.java:178)
at org.slf4j.impl.Log4jLoggerFactory.getLogger(Log4jLoggerFactory.java:71)
at org.slf4j.LoggerFactory.getLogger(LoggerFactory.java:209)
at org.apache.logging.slf4j.SLF4JLoggerContext.getLogger(SLF4JLoggerContext.java:36)
at org.apache.log4j.Category.<init>(Category.java:176)
at org.apache.log4j.Category.<init>(Category.java:192)
at org.apache.log4j.Logger.<init>(Logger.java:57)
at org.apache.log4j.spi.NOPLogger.<init>(NOPLogger.java:42)
at org.apache.log4j.spi.NOPLoggerRepository.getRootLogger(NOPLoggerRepository.java:104)
at org.apache.log4j.LogManager.getRootLogger(LogManager.java:183)
at org.apache.log4j.LogManager.getRootLogger(LogManager.java:178)
at org.slf4j.impl.Log4jLoggerFactory.getLogger(Log4jLoggerFactory.java:71)
at org.slf4j.LoggerFactory.getLogger(LoggerFactory.java:209)
at org.apache.logging.slf4j.SLF4JLoggerContext.getLogger(SLF4JLoggerContext.java:36)
at org.apache.log4j.Category.<init>(Category.java:176)
at org.apache.log4j.Category.<init>(Category.java:192)
at org.apache.log4j.Logger.<init>(Logger.java:57)
at org.apache.log4j.spi.NOPLogger.<init>(NOPLogger.java:42)
at org.apache.log4j.spi.NOPLoggerRepository.getRootLogger(NOPLoggerRepository.java:104)
at org.apache.log4j.LogManager.getRootLogger(LogManager.java:183)
at org.apache.log4j.LogManager.getRootLogger(LogManager.java:178)
at org.slf4j.impl.Log4jLoggerFactory.getLogger(Log4jLoggerFactory.java:71)
at org.slf4j.LoggerFactory.getLogger(LoggerFactory.java:209)
at org.apache.logging.slf4j.SLF4JLoggerContext.getLogger(SLF4JLoggerContext.java:36)
at org.apache.log4j.Category.<init>(Category.java:176)
at org.apache.log4j.Category.<init>(Category.java:192)
at org.apache.log4j.Logger.<init>(Logger.java:57)
at org.apache.log4j.spi.NOPLogger.<init>(NOPLogger.java:42)
at org.apache.log4j.spi.NOPLoggerRepository.getRootLogger(NOPLoggerRepository.java:104)
at org.apache.log4j.LogManager.getRootLogger(LogManager.java:183)
at org.apache.log4j.LogManager.getRootLogger(LogManager.java:178)
at org.slf4j.impl.Log4jLoggerFactory.getLogger(Log4jLoggerFactory.java:71)
at org.slf4j.LoggerFactory.getLogger(LoggerFactory.java:209)
at org.apache.logging.slf4j.SLF4JLoggerContext.getLogger(SLF4JLoggerContext.java:36)
at org.apache.log4j.Category.<init>(Category.java:176)
at org.apache.log4j.Category.<init>(Category.java:192)
at org.apache.log4j.Logger.<init>(Logger.java:57)
at org.apache.log4j.spi.NOPLogger.<init>(NOPLogger.java:42)
at org.apache.log4j.spi.NOPLoggerRepository.getRootLogger(NOPLoggerRepository.java:104)
at org.apache.log4j.LogManager.getRootLogger(LogManager.java:183)
at org.apache.log4j.LogManager.getRootLogger(LogManager.java:178)
at org.slf4j.impl.Log4jLoggerFactory.getLogger(Log4jLoggerFactory.java:71)
at org.slf4j.LoggerFactory.getLogger(LoggerFactory.java:209)
at org.apache.logging.slf4j.SLF4JLoggerContext.getLogger(SLF4JLoggerContext.java:36)
at org.apache.log4j.Category.<init>(Category.java:176)
at org.apache.log4j.Category.<init>(Category.java:192)
at org.apache.log4j.Logger.<init>(Logger.java:57)
at org.apache.log4j.spi.NOPLogger.<init>(NOPLogger.java:42)
at org.apache.log4j.spi.NOPLoggerRepository.getRootLogger(NOPLoggerRepository.java:104)
at org.apache.log4j.LogManager.getRootLogger(LogManager.java:183)
at org.apache.log4j.LogManager.getRootLogger(LogManager.java:178)
at org.slf4j.impl.Log4jLoggerFactory.getLogger(Log4jLoggerFactory.java:71)
at org.slf4j.LoggerFactory.getLogger(LoggerFactory.java:209)
at org.apache.logging.slf4j.SLF4JLoggerContext.getLogger(SLF4JLoggerContext.java:36)
at org.apache.log4j.Category.<init>(Category.java:176)
at org.apache.log4j.Category.<init>(Category.java:192)
at org.apache.log4j.Logger.<init>(Logger.java:57)
at org.apache.log4j.spi.NOPLogger.<init>(NOPLogger.java:42)
at org.apache.log4j.spi.NOPLoggerRepository.getRootLogger(NOPLoggerRepository.java:104)
at org.apache.log4j.LogManager.getRootLogger(LogManager.java:183)
at org.apache.log4j.LogManager.getRootLogger(LogManager.java:178)
at org.slf4j.impl.Log4jLoggerFactory.getLogger(Log4jLoggerFactory.java:71)
at org.slf4j.LoggerFactory.getLogger(LoggerFactory.java:209)
at org.apache.logging.slf4j.SLF4JLoggerContext.getLogger(SLF4JLoggerContext.java:36)
at org.apache.log4j.Category.<init>(Category.java:176)
at org.apache.log4j.Category.<init>(Category.java:192)
at org.apache.log4j.Logger.<init>(Logger.java:57)
at org.apache.log4j.spi.NOPLogger.<init>(NOPLogger.java:42)
at org.apache.log4j.spi.NOPLoggerRepository.getRootLogger(NOPLoggerRepository.java:104)
at org.apache.log4j.LogManager.getRootLogger(LogManager.java:183)
at org.apache.log4j.LogManager.getRootLogger(LogManager.java:178)
at org.slf4j.impl.Log4jLoggerFactory.getLogger(Log4jLoggerFactory.java:71)
at org.slf4j.LoggerFactory.getLogger(LoggerFactory.java:209)
at org.apache.logging.slf4j.SLF4JLoggerContext.getLogger(SLF4JLoggerContext.java:36)
at org.apache.log4j.Category.<init>(Category.java:176)
at org.apache.log4j.Category.<init>(Category.java:192)
at org.apache.log4j.Logger.<init>(Logger.java:57)
at org.apache.log4j.spi.NOPLogger.<init>(NOPLogger.java:42)
at org.apache.log4j.spi.NOPLoggerRepository.getRootLogger(NOPLoggerRepository.java:104)
at org.apache.log4j.LogManager.getRootLogger(LogManager.java:183)
at org.apache.log4j.LogManager.getRootLogger(LogManager.java:178)
at org.slf4j.impl.Log4jLoggerFactory.getLogger(Log4jLoggerFactory.java:71)
at org.slf4j.LoggerFactory.getLogger(LoggerFactory.java:209)
at org.apache.logging.slf4j.SLF4JLoggerContext.getLogger(SLF4JLoggerContext.java:36)
at org.apache.log4j.Category.<init>(Category.java:176)
at org.apache.log4j.Category.<init>(Category.java:192)
at org.apache.log4j.Logger.<init>(Logger.java:57)
at org.apache.log4j.spi.NOPLogger.<init>(NOPLogger.java:42)
at org.apache.log4j.spi.NOPLoggerRepository.getRootLogger(NOPLoggerRepository.java:104)
at org.apache.log4j.LogManager.getRootLogger(LogManager.java:183)
at org.apache.log4j.LogManager.getRootLogger(LogManager.java:178)
at org.slf4j.impl.Log4jLoggerFactory.getLogger(Log4jLoggerFactory.java:71)
at org.slf4j.LoggerFactory.getLogger(LoggerFactory.java:209)
at org.apache.logging.slf4j.SLF4JLoggerContext.getLogger(SLF4JLoggerContext.java:36)
at org.apache.log4j.Category.<init>(Category.java:176)
at org.apache.log4j.Category.<init>(Category.java:192)
at org.apache.log4j.Logger.<init>(Logger.java:57)
at org.apache.log4j.spi.NOPLogger.<init>(NOPLogger.java:42)
at org.apache.log4j.spi.NOPLoggerRepository.getRootLogger(NOPLoggerRepository.java:104)
at org.apache.log4j.LogManager.getRootLogger(LogManager.java:183)
at org.apache.log4j.LogManager.getRootLogger(LogManager.java:178)
at org.slf4j.impl.Log4jLoggerFactory.getLogger(Log4jLoggerFactory.java:71)
at org.slf4j.LoggerFactory.getLogger(LoggerFactory.java:209)
at org.apache.logging.slf4j.SLF4JLoggerContext.getLogger(SLF4JLoggerContext.java:36)
at org.apache.log4j.Category.<init>(Category.java:176)
at org.apache.log4j.Category.<init>(Category.java:192)
at org.apache.log4j.Logger.<init>(Logger.java:57)
at org.apache.log4j.spi.NOPLogger.<init>(NOPLogger.java:42)
at org.apache.log4j.spi.NOPLoggerRepository.getRootLogger(NOPLoggerRepository.java:104)
at org.apache.log4j.LogManager.getRootLogger(LogManager.java:183)
at org.apache.log4j.LogManager.getRootLogger(LogManager.java:178)
at org.slf4j.impl.Log4jLoggerFactory.getLogger(Log4jLoggerFactory.java:71)
at org.slf4j.LoggerFactory.getLogger(LoggerFactory.java:209)
at org.apache.logging.slf4j.SLF4JLoggerContext.getLogger(SLF4JLoggerContext.java:36)
at org.apache.log4j.Category.<init>(Category.java:176)
at org.apache.log4j.Category.<init>(Category.java:192)
at org.apache.log4j.Logger.<init>(Logger.java:57)
at org.apache.log4j.spi.NOPLogger.<init>(NOPLogger.java:42)
at org.apache.log4j.spi.NOPLoggerRepository.getRootLogger(NOPLoggerRepository.java:104)
at org.apache.log4j.LogManager.getRootLogger(LogManager.java:183)
at org.apache.log4j.LogManager.getRootLogger(LogManager.java:178)
at org.slf4j.impl.Log4jLoggerFactory.getLogger(Log4jLoggerFactory.java:71)
at org.slf4j.LoggerFactory.getLogger(LoggerFactory.java:209)
at org.apache.logging.slf4j.SLF4JLoggerContext.getLogger(SLF4JLoggerContext.java:36)
at org.apache.log4j.Category.<init>(Category.java:176)
at org.apache.log4j.Category.<init>(Category.java:192)
at org.apache.log4j.Logger.<init>(Logger.java:57)
at org.apache.log4j.spi.NOPLogger.<init>(NOPLogger.java:42)
at org.apache.log4j.spi.NOPLoggerRepository.getRootLogger(NOPLoggerRepository.java:104)
at org.apache.log4j.LogManager.getRootLogger(LogManager.java:183)
at org.apache.log4j.LogManager.getRootLogger(LogManager.java:178)
at org.slf4j.impl.Log4jLoggerFactory.getLogger(Log4jLoggerFactory.java:71)
at org.slf4j.LoggerFactory.getLogger(LoggerFactory.java:209)
at org.apache.logging.slf4j.SLF4JLoggerContext.getLogger(SLF4JLoggerContext.java:36)
at org.apache.log4j.Category.<init>(Category.java:176)
at org.apache.log4j.Category.<init>(Category.java:192)
at org.apache.log4j.Logger.<init>(Logger.java:57)
at org.apache.log4j.spi.NOPLogger.<init>(NOPLogger.java:42)
at org.apache.log4j.spi.NOPLoggerRepository.getRootLogger(NOPLoggerRepository.java:104)
at org.apache.log4j.LogManager.getRootLogger(LogManager.java:183)
at org.apache.log4j.LogManager.getRootLogger(LogManager.java:178)
at org.slf4j.impl.Log4jLoggerFactory.getLogger(Log4jLoggerFactory.java:71)
at org.slf4j.LoggerFactory.getLogger(LoggerFactory.java:209)
at org.apache.logging.slf4j.SLF4JLoggerContext.getLogger(SLF4JLoggerContext.java:36)
at org.apache.log4j.Category.<init>(Category.java:176)
at org.apache.log4j.Category.<init>(Category.java:192)
at org.apache.log4j.Logger.<init>(Logger.java:57)
at org.apache.log4j.spi.NOPLogger.<init>(NOPLogger.java:42)
at org.apache.log4j.spi.NOPLoggerRepository.getRootLogger(NOPLoggerRepository.java:104)
at org.apache.log4j.LogManager.getRootLogger(LogManager.java:183)
at org.apache.log4j.LogManager.getRootLogger(LogManager.java:178)
at org.slf4j.impl.Log4jLoggerFactory.getLogger(Log4jLoggerFactory.java:71)
at org.slf4j.LoggerFactory.getLogger(LoggerFactory.java:209)
at org.apache.logging.slf4j.SLF4JLoggerContext.getLogger(SLF4JLoggerContext.java:36)
at org.apache.log4j.Category.<init>(Category.java:176)
at org.apache.log4j.Category.<init>(Category.java:192)
at org.apache.log4j.Logger.<init>(Logger.java:57)
at org.apache.log4j.spi.NOPLogger.<init>(NOPLogger.java:42)
at org.apache.log4j.spi.NOPLoggerRepository.getRootLogger(NOPLoggerRepository.java:104)
at org.apache.log4j.LogManager.getRootLogger(LogManager.java:183)
at org.apache.log4j.LogManager.getRootLogger(LogManager.java:178)
at org.slf4j.impl.Log4jLoggerFactory.getLogger(Log4jLoggerFactory.java:71)
at org.slf4j.LoggerFactory.getLogger(LoggerFactory.java:209)
at org.apache.logging.slf4j.SLF4JLoggerContext.getLogger(SLF4JLoggerContext.java:36)
at org.apache.log4j.Category.<init>(Category.java:176)
at org.apache.log4j.Category.<init>(Category.java:192)
at org.apache.log4j.Logger.<init>(Logger.java:57)
at org.apache.log4j.spi.NOPLogger.<init>(NOPLogger.java:42)
at org.apache.log4j.spi.NOPLoggerRepository.getRootLogger(NOPLoggerRepository.java:104)
at org.apache.log4j.LogManager.getRootLogger(LogManager.java:183)
at org.apache.log4j.LogManager.getRootLogger(LogManager.java:178)
at org.slf4j.impl.Log4jLoggerFactory.getLogger(Log4jLoggerFactory.java:71)
at org.slf4j.LoggerFactory.getLogger(LoggerFactory.java:209)
at org.apache.logging.slf4j.SLF4JLoggerContext.getLogger(SLF4JLoggerContext.java:36)
at org.apache.log4j.Category.<init>(Category.java:176)
at org.apache.log4j.Category.<init>(Category.java:192)
at org.apache.log4j.Logger.<init>(Logger.java:57)
at org.apache.log4j.spi.NOPLogger.<init>(NOPLogger.java:42)
at org.apache.log4j.spi.NOPLoggerRepository.getRootLogger(NOPLoggerRepository.java:104)
at org.apache.log4j.LogManager.getRootLogger(LogManager.java:183)
at org.apache.log4j.LogManager.getRootLogger(LogManager.java:178)
at org.slf4j.impl.Log4jLoggerFactory.getLogger(Log4jLoggerFactory.java:71)
at org.slf4j.LoggerFactory.getLogger(LoggerFactory.java:209)
at org.apache.logging.slf4j.SLF4JLoggerContext.getLogger(SLF4JLoggerContext.java:36)
at org.apache.log4j.Category.<init>(Category.java:176)
at org.apache.log4j.Category.<init>(Category.java:192)
at org.apache.log4j.Logger.<init>(Logger.java:57)
at org.apache.log4j.spi.NOPLogger.<init>(NOPLogger.java:42)
at org.apache.log4j.spi.NOPLoggerRepository.getRootLogger(NOPLoggerRepository.java:104)
at org.apache.log4j.LogManager.getRootLogger(LogManager.java:183)
at org.apache.log4j.LogManager.getRootLogger(LogManager.java:178)
at org.slf4j.impl.Log4jLoggerFactory.getLogger(Log4jLoggerFactory.java:71)
at org.slf4j.LoggerFactory.getLogger(LoggerFactory.java:209)
at org.apache.logging.slf4j.SLF4JLoggerContext.getLogger(SLF4JLoggerContext.java:36)
at org.apache.log4j.Category.<init>(Category.java:176)
at org.apache.log4j.Category.<init>(Category.java:192)
at org.apache.log4j.Logger.<init>(Logger.java:57)
at org.apache.log4j.spi.NOPLogger.<init>(NOPLogger.java:42)
at org.apache.log4j.spi.NOPLoggerRepository.getRootLogger(NOPLoggerRepository.java:104)
at org.apache.log4j.LogManager.getRootLogger(LogManager.java:183)
at org.apache.log4j.LogManager.getRootLogger(LogManager.java:178)
at org.slf4j.impl.Log4jLoggerFactory.getLogger(Log4jLoggerFactory.java:71)
at org.slf4j.LoggerFactory.getLogger(LoggerFactory.java:209)
at org.apache.logging.slf4j.SLF4JLoggerContext.getLogger(SLF4JLoggerContext.java:36)
at org.apache.log4j.Category.<init>(Category.java:176)
at org.apache.log4j.Category.<init>(Category.java:192)
at org.apache.log4j.Logger.<init>(Logger.java:57)
at org.apache.log4j.spi.NOPLogger.<init>(NOPLogger.java:42)
at org.apache.log4j.spi.NOPLoggerRepository.getRootLogger(NOPLoggerRepository.java:104)
at org.apache.log4j.LogManager.getRootLogger(LogManager.java:183)
at org.apache.log4j.LogManager.getRootLogger(LogManager.java:178)
at org.slf4j.impl.Log4jLoggerFactory.getLogger(Log4jLoggerFactory.java:71)
at org.slf4j.LoggerFactory.getLogger(LoggerFactory.java:209)
at org.apache.logging.slf4j.SLF4JLoggerContext.getLogger(SLF4JLoggerContext.java:36)
at org.apache.log4j.Category.<init>(Category.java:176)
at org.apache.log4j.Category.<init>(Category.java:192)
at org.apache.log4j.Logger.<init>(Logger.java:57)
at org.apache.log4j.spi.NOPLogger.<init>(NOPLogger.java:42)
at org.apache.log4j.spi.NOPLoggerRepository.getRootLogger(NOPLoggerRepository.java:104)
at org.apache.log4j.LogManager.getRootLogger(LogManager.java:183)
at org.apache.log4j.LogManager.getRootLogger(LogManager.java:178)
at org.slf4j.impl.Log4jLoggerFactory.getLogger(Log4jLoggerFactory.java:71)
at org.slf4j.LoggerFactory.getLogger(LoggerFactory.java:209)
at org.apache.logging.slf4j.SLF4JLoggerContext.getLogger(SLF4JLoggerContext.java:36)
at org.apache.log4j.Category.<init>(Category.java:176)
at org.apache.log4j.Category.<init>(Category.java:192)
at org.apache.log4j.Logger.<init>(Logger.java:57)
at org.apache.log4j.spi.NOPLogger.<init>(NOPLogger.java:42)
at org.apache.log4j.spi.NOPLoggerRepository.getRootLogger(NOPLoggerRepository.java:104)
at org.apache.log4j.LogManager.getRootLogger(LogManager.java:183)
at org.apache.log4j.LogManager.getRootLogger(LogManager.java:178)
at org.slf4j.impl.Log4jLoggerFactory.getLogger(Log4jLoggerFactory.java:71)
at org.slf4j.LoggerFactory.getLogger(LoggerFactory.java:209)
at org.apache.logging.slf4j.SLF4JLoggerContext.getLogger(SLF4JLoggerContext.java:36)
at org.apache.log4j.Category.<init>(Category.java:176)
at org.apache.log4j.Category.<init>(Category.java:192)
at org.apache.log4j.Logger.<init>(Logger.java:57)
at org.apache.log4j.spi.NOPLogger.<init>(NOPLogger.java:42)
at org.apache.log4j.spi.NOPLoggerRepository.getRootLogger(NOPLoggerRepository.java:104)
at org.apache.log4j.LogManager.getRootLogger(LogManager.java:183)
at org.apache.log4j.LogManager.getRootLogger(LogManager.java:178)
at org.slf4j.impl.Log4jLoggerFactory.getLogger(Log4jLoggerFactory.java:71)
at org.slf4j.LoggerFactory.getLogger(LoggerFactory.java:209)
at org.apache.logging.slf4j.SLF4JLoggerContext.getLogger(SLF4JLoggerContext.java:36)
at org.apache.log4j.Category.<init>(Category.java:176)
at org.apache.log4j.Category.<init>(Category.java:192)
at org.apache.log4j.Logger.<init>(Logger.java:57)
at org.apache.log4j.spi.NOPLogger.<init>(NOPLogger.java:42)
at org.apache.log4j.spi.NOPLoggerRepository.getRootLogger(NOPLoggerRepository.java:104)
at org.apache.log4j.LogManager.getRootLogger(LogManager.java:183)
at org.apache.log4j.LogManager.getRootLogger(LogManager.java:178)
at org.slf4j.impl.Log4jLoggerFactory.getLogger(Log4jLoggerFactory.java:71)
at org.slf4j.LoggerFactory.getLogger(LoggerFactory.java:209)
at org.apache.logging.slf4j.SLF4JLoggerContext.getLogger(SLF4JLoggerContext.java:36)
at org.apache.log4j.Category.<init>(Category.java:176)
at org.apache.log4j.Category.<init>(Category.java:192)
at org.apache.log4j.Logger.<init>(Logger.java:57)
at org.apache.log4j.spi.NOPLogger.<init>(NOPLogger.java:42)
at org.apache.log4j.spi.NOPLoggerRepository.getRootLogger(NOPLoggerRepository.java:104)
at org.apache.log4j.LogManager.getRootLogger(LogManager.java:183)
at org.apache.log4j.LogManager.getRootLogger(LogManager.java:178)
at org.slf4j.impl.Log4jLoggerFactory.getLogger(Log4jLoggerFactory.java:71)
at org.slf4j.LoggerFactory.getLogger(LoggerFactory.java:209)
at org.apache.logging.slf4j.SLF4JLoggerContext.getLogger(SLF4JLoggerContext.java:36)
at org.apache.log4j.Category.<init>(Category.java:176)
at org.apache.log4j.Category.<init>(Category.java:192)
at org.apache.log4j.Logger.<init>(Logger.java:57)
at org.apache.log4j.spi.NOPLogger.<init>(NOPLogger.java:42)
at org.apache.log4j.spi.NOPLoggerRepository.getRootLogger(NOPLoggerRepository.java:104)
at org.apache.log4j.LogManager.getRootLogger(LogManager.java:183)
at org.apache.log4j.LogManager.getRootLogger(LogManager.java:178)
at org.slf4j.impl.Log4jLoggerFactory.getLogger(Log4jLoggerFactory.java:71)
at org.slf4j.LoggerFactory.getLogger(LoggerFactory.java:209)
at org.apache.logging.slf4j.SLF4JLoggerContext.getLogger(SLF4JLoggerContext.java:36)
at org.apache.log4j.Category.<init>(Category.java:176)
at org.apache.log4j.Category.<init>(Category.java:192)
at org.apache.log4j.Logger.<init>(Logger.java:57)
at org.apache.log4j.spi.NOPLogger.<init>(NOPLogger.java:42)
at org.apache.log4j.spi.NOPLoggerRepository.getRootLogger(NOPLoggerRepository.java:104)
at org.apache.log4j.LogManager.getRootLogger(LogManager.java:183)
at org.apache.log4j.LogManager.getRootLogger(LogManager.java:178)
at org.slf4j.impl.Log4jLoggerFactory.getLogger(Log4jLoggerFactory.java:71)
at org.slf4j.LoggerFactory.getLogger(LoggerFactory.java:209)
at org.apache.logging.slf4j.SLF4JLoggerContext.getLogger(SLF4JLoggerContext.java:36)
at org.apache.log4j.Category.<init>(Category.java:176)
at org.apache.log4j.Category.<init>(Category.java:192)
at org.apache.log4j.Logger.<init>(Logger.java:57)
at org.apache.log4j.spi.NOPLogger.<init>(NOPLogger.java:42)
at org.apache.log4j.spi.NOPLoggerRepository.getRootLogger(NOPLoggerRepository.java:104)
at org.apache.log4j.LogManager.getRootLogger(LogManager.java:183)
at org.apache.log4j.LogManager.getRootLogger(LogManager.java:178)
at org.slf4j.impl.Log4jLoggerFactory.getLogger(Log4jLoggerFactory.java:71)
at org.slf4j.LoggerFactory.getLogger(LoggerFactory.java:209)
at org.apache.logging.slf4j.SLF4JLoggerContext.getLogger(SLF4JLoggerContext.java:36)
at org.apache.log4j.Category.<init>(Category.java:176)
at org.apache.log4j.Category.<init>(Category.java:192)
at org.apache.log4j.Logger.<init>(Logger.java:57)
at org.apache.log4j.spi.NOPLogger.<init>(NOPLogger.java:42)
at org.apache.log4j.spi.NOPLoggerRepository.getRootLogger(NOPLoggerRepository.java:104)
at org.apache.log4j.LogManager.getRootLogger(LogManager.java:183)
at org.apache.log4j.LogManager.getRootLogger(LogManager.java:178)
at org.slf4j.impl.Log4jLoggerFactory.getLogger(Log4jLoggerFactory.java:71)
at org.slf4j.LoggerFactory.getLogger(LoggerFactory.java:209)
at org.apache.logging.slf4j.SLF4JLoggerContext.getLogger(SLF4JLoggerContext.java:36)
at org.apache.log4j.Category.<init>(Category.java:176)
at org.apache.log4j.Category.<init>(Category.java:192)
at org.apache.log4j.Logger.<init>(Logger.java:57)
at org.apache.log4j.spi.NOPLogger.<init>(NOPLogger.java:42)
at org.apache.log4j.spi.NOPLoggerRepository.getRootLogger(NOPLoggerRepository.java:104)
at org.apache.log4j.LogManager.getRootLogger(LogManager.java:183)
at org.apache.log4j.LogManager.getRootLogger(LogManager.java:178)
at org.slf4j.impl.Log4jLoggerFactory.getLogger(Log4jLoggerFactory.java:71)
at org.slf4j.LoggerFactory.getLogger(LoggerFactory.java:209)
at org.apache.logging.slf4j.SLF4JLoggerContext.getLogger(SLF4JLoggerContext.java:36)
at org.apache.log4j.Category.<init>(Category.java:176)
at org.apache.log4j.Category.<init>(Category.java:192)
at org.apache.log4j.Logger.<init>(Logger.java:57)
at org.apache.log4j.spi.NOPLogger.<init>(NOPLogger.java:42)
at org.apache.log4j.spi.NOPLoggerRepository.getRootLogger(NOPLoggerRepository.java:104)
at org.apache.log4j.LogManager.getRootLogger(LogManager.java:183)
at org.apache.log4j.LogManager.getRootLogger(LogManager.java:178)
at org.slf4j.impl.Log4jLoggerFactory.getLogger(Log4jLoggerFactory.java:71)
at org.slf4j.LoggerFactory.getLogger(LoggerFactory.java:209)
at org.apache.logging.slf4j.SLF4JLoggerContext.getLogger(SLF4JLoggerContext.java:36)
at org.apache.log4j.Category.<init>(Category.java:176)
at org.apache.log4j.Category.<init>(Category.java:192)
at org.apache.log4j.Logger.<init>(Logger.java:57)
at org.apache.log4j.spi.NOPLogger.<init>(NOPLogger.java:42)
at org.apache.log4j.spi.NOPLoggerRepository.getRootLogger(NOPLoggerRepository.java:104)
at org.apache.log4j.LogManager.getRootLogger(LogManager.java:183)
]]>
    </error>
  </testcase> <!-- setup -->
  <system-out/>
</testsuite> <!-- employeeapi.testcases.GetEmployeeDetails -->
